Using pre-set license
Built from '2020.3/staging' branch; Version is '2020.3.16f1 (049d6eca3c44) revision 302446'; Using compiler version '192528614'; Build Type 'Release'
OS: 'Windows 10 Pro; OS build 19043.1165; Version 2009; 64bit' Language: 'ko' Physical Memory: 16309 MB
BatchMode: 1, IsHumanControllingUs: 0, StartBugReporterOnCrash: 0, Is64bit: 1, IsPro: 0

 COMMAND LINE ARGUMENTS:
C:\Program Files\Unity\Hub\Editor\2020.3.16f1\Editor\Unity.exe
-adb2
-batchMode
-noUpm
-name
AssetImportWorker0
-projectPath
C:/Users/Gomjun/Desktop/Git/WinterKuma/StarDust/StarDust
-logFile
Logs/AssetImportWorker0.log
-srvPort
10842
Successfully changed project path to: C:/Users/Gomjun/Desktop/Git/WinterKuma/StarDust/StarDust
C:/Users/Gomjun/Desktop/Git/WinterKuma/StarDust/StarDust
Using Asset Import Pipeline V2.
Refreshing native plugins compatible for Editor in 30.81 ms, found 3 plugins.
Preloading 0 native plugins for Editor in 0.00 ms.
Initialize engine version: 2020.3.16f1 (049d6eca3c44)
[Subsystems] Discovering subsystems at path C:/Program Files/Unity/Hub/Editor/2020.3.16f1/Editor/Data/Resources/UnitySubsystems
[Subsystems] Discovering subsystems at path C:/Users/Gomjun/Desktop/Git/WinterKuma/StarDust/StarDust/Assets
GfxDevice: creating device client; threaded=0
Direct3D:
    Version:  Direct3D 11.0 [level 11.1]
    Renderer: NVIDIA GeForce RTX 3070 Ti (ID=0x2482)
    Vendor:   
    VRAM:     8041 MB
    Driver:   27.21.14.6677
Initialize mono
Mono path[0] = 'C:/Program Files/Unity/Hub/Editor/2020.3.16f1/Editor/Data/Managed'
Mono path[1] = 'C:/Program Files/Unity/Hub/Editor/2020.3.16f1/Editor/Data/MonoBleedingEdge/lib/mono/unityjit'
Mono config path = 'C:/Program Files/Unity/Hub/Editor/2020.3.16f1/Editor/Data/MonoBleedingEdge/etc'
Using monoOptions --debugger-agent=transport=dt_socket,embedding=1,server=y,suspend=n,address=127.0.0.1:56752
Begin MonoManager ReloadAssembly
Registering precompiled unity dll's ...
Register platform support module: C:/Program Files/Unity/Hub/Editor/2020.3.16f1/Editor/Data/PlaybackEngines/WindowsStandaloneSupport/UnityEditor.WindowsStandalone.Extensions.dll
Registered in 0.001740 seconds.
Native extension for WindowsStandalone target not found
Refreshing native plugins compatible for Editor in 28.89 ms, found 3 plugins.
Preloading 0 native plugins for Editor in 0.00 ms.
Mono: successfully reloaded assembly
- Completed reload, in  1.284 seconds
Domain Reload Profiling:
	ReloadAssembly (1284ms)
		BeginReloadAssembly (43ms)
			ExecutionOrderSort (0ms)
			DisableScriptedObjects (0ms)
			BackupInstance (0ms)
			ReleaseScriptingObjects (0ms)
			CreateAndSetChildDomain (1ms)
		EndReloadAssembly (278ms)
			LoadAssemblies (41ms)
			RebuildTransferFunctionScriptingTraits (0ms)
			SetupTypeCache (93ms)
			ReleaseScriptCaches (0ms)
			RebuildScriptCaches (19ms)
			SetupLoadedEditorAssemblies (114ms)
				LogAssemblyErrors (0ms)
				InitializePlatformSupportModulesInManaged (3ms)
				SetLoadedEditorAssemblies (0ms)
				RefreshPlugins (29ms)
				BeforeProcessingInitializeOnLoad (12ms)
				ProcessInitializeOnLoadAttributes (52ms)
				ProcessInitializeOnLoadMethodAttributes (19ms)
				AfterProcessingInitializeOnLoad (0ms)
				EditorAssembliesLoaded (0ms)
			ExecutionOrderSort2 (0ms)
			AwakeInstancesAfterBackupRestoration (0ms)
Platform modules already initialized, skipping
Registering precompiled user dll's ...
Registered in 0.003872 seconds.
Begin MonoManager ReloadAssembly
Native extension for WindowsStandalone target not found
Refreshing native plugins compatible for Editor in 30.24 ms, found 3 plugins.
Preloading 0 native plugins for Editor in 0.00 ms.
Mono: successfully reloaded assembly
- Completed reload, in  0.833 seconds
Domain Reload Profiling:
	ReloadAssembly (834ms)
		BeginReloadAssembly (101ms)
			ExecutionOrderSort (0ms)
			DisableScriptedObjects (3ms)
			BackupInstance (0ms)
			ReleaseScriptingObjects (0ms)
			CreateAndSetChildDomain (15ms)
		EndReloadAssembly (687ms)
			LoadAssemblies (73ms)
			RebuildTransferFunctionScriptingTraits (0ms)
			SetupTypeCache (196ms)
			ReleaseScriptCaches (0ms)
			RebuildScriptCaches (31ms)
			SetupLoadedEditorAssemblies (308ms)
				LogAssemblyErrors (0ms)
				InitializePlatformSupportModulesInManaged (3ms)
				SetLoadedEditorAssemblies (0ms)
				RefreshPlugins (30ms)
				BeforeProcessingInitializeOnLoad (60ms)
				ProcessInitializeOnLoadAttributes (199ms)
				ProcessInitializeOnLoadMethodAttributes (10ms)
				AfterProcessingInitializeOnLoad (5ms)
				EditorAssembliesLoaded (0ms)
			ExecutionOrderSort2 (0ms)
			AwakeInstancesAfterBackupRestoration (5ms)
Platform modules already initialized, skipping
========================================================================
Worker process is ready to serve import requests
Launched and connected shader compiler UnityShaderCompiler.exe after 0.04 seconds
Refreshing native plugins compatible for Editor in 0.76 ms, found 3 plugins.
Preloading 0 native plugins for Editor in 0.00 ms.
Unloading 2101 Unused Serialized files (Serialized files now loaded: 0)
System memory in use before: 95.9 MB.
System memory in use after: 96.0 MB.

Unloading 28 unused Assets to reduce memory usage. Loaded Objects now: 2538.
Total: 2.717600 ms (FindLiveObjects: 0.198900 ms CreateObjectMapping: 0.052900 ms MarkObjects: 2.406700 ms  DeleteObjects: 0.058300 ms)

AssetImportParameters requested are different than current active one (requested -> active):
  custom:framework-win-MediaFoundation: 216162199b28c13a410421893ffa2e32 -> 
  custom:video-decoder-ogg-theora: a1e56fd34408186e4bbccfd4996cb3dc -> 
  custom:container-muxer-webm: aa71ff27fc2769a1b78a27578f13a17b -> 
  custom:container-demuxer-webm: 4f35f7cbe854078d1ac9338744f61a02 -> 
  custom:container-demuxer-ogg: 62fdf1f143b41e24485cea50d1cbac27 -> 
  custom:video-encoder-webm-vp8: eb34c28f22e8b96e1ab97ce403110664 -> 
  custom:video-decoder-webm-vp8: 9c59270c3fd7afecdb556c50c9e8de78 -> 
  custom:audio-decoder-ogg-vorbis: bf7c407c2cedff20999df2af8eb42d56 -> 
  custom:audio-encoder-webm-vorbis: bf7c407c2cedff20999df2af8eb42d56 -> 
========================================================================
Received Import Request.
  path: Assets/Scripts
  artifactKey: Guid(e98509289bf28754780320a3da6a1da0) Importer(815301076,1909f56bfc062723c751e8b465ee728b)
Start importing Assets/Scripts using Guid(e98509289bf28754780320a3da6a1da0) Importer(815301076,1909f56bfc062723c751e8b465ee728b)  -> (artifact id: '7fd661d3dab71e8262c25cf5c13076b7') in 0.009583 seconds 
  Import took 0.012176 seconds .

========================================================================
Received Import Request.
  Time since last request: 0.000140 seconds.
  path: Assets/Scripts/InGame
  artifactKey: Guid(fc9a7948513117f4b84f9de98111819c) Importer(815301076,1909f56bfc062723c751e8b465ee728b)
Start importing Assets/Scripts/InGame using Guid(fc9a7948513117f4b84f9de98111819c) Importer(815301076,1909f56bfc062723c751e8b465ee728b)  -> (artifact id: 'e9339aff90bfba4addd4fa80c4636ab4') in 0.004304 seconds 
  Import took 0.006706 seconds .

========================================================================
Received Import Request.
  Time since last request: 0.000139 seconds.
  path: Assets/Scripts/InGame/Hero/Hero.cs
  artifactKey: Guid(65797816b8a9df44a81b844b60462bd7) Importer(815301076,1909f56bfc062723c751e8b465ee728b)
Start importing Assets/Scripts/InGame/Hero/Hero.cs using Guid(65797816b8a9df44a81b844b60462bd7) Importer(815301076,1909f56bfc062723c751e8b465ee728b)  -> (artifact id: '1bb8123b9d8aad026be368db4436ed22') in 0.023330 seconds 
  Import took 0.025779 seconds .

========================================================================
Received Import Request.
  Time since last request: 0.000140 seconds.
  path: Assets/Scripts/InGame/Hero
  artifactKey: Guid(0c2017fdb26957f40b51548493fbdd2c) Importer(815301076,1909f56bfc062723c751e8b465ee728b)
Start importing Assets/Scripts/InGame/Hero using Guid(0c2017fdb26957f40b51548493fbdd2c) Importer(815301076,1909f56bfc062723c751e8b465ee728b)  -> (artifact id: 'e680ad9bb41b40c3ac49f787f2143bc0') in 0.001538 seconds 
  Import took 0.003811 seconds .

========================================================================
Received Import Request.
  Time since last request: 10.590531 seconds.
  path: Assets/Scripts/InGame/Hero/HeroInfo.cs
  artifactKey: Guid(ad78b3385df2b2a44bde03d0b4b8a088) Importer(815301076,1909f56bfc062723c751e8b465ee728b)
Start importing Assets/Scripts/InGame/Hero/HeroInfo.cs using Guid(ad78b3385df2b2a44bde03d0b4b8a088) Importer(815301076,1909f56bfc062723c751e8b465ee728b)  -> (artifact id: 'e4df92a1e82dc237be764e88ce878532') in 0.005497 seconds 
  Import took 0.008424 seconds .

========================================================================
Received Import Request.
  Time since last request: 11.139966 seconds.
  path: Assets/Scripts/InGame/InGamePage
  artifactKey: Guid(2e4a5476a23b935479eb3bfc495dbb71) Importer(815301076,1909f56bfc062723c751e8b465ee728b)
Start importing Assets/Scripts/InGame/InGamePage using Guid(2e4a5476a23b935479eb3bfc495dbb71) Importer(815301076,1909f56bfc062723c751e8b465ee728b)  -> (artifact id: '4234bae55c21fdcb5782fbc5f902869a') in 0.005297 seconds 
  Import took 0.008227 seconds .

========================================================================
Received Import Request.
  Time since last request: 0.745414 seconds.
  path: Assets/Scripts/InGame/InGamePage/EndPage.cs
  artifactKey: Guid(86002ff70104358469de042b8c20023b) Importer(815301076,1909f56bfc062723c751e8b465ee728b)
Start importing Assets/Scripts/InGame/InGamePage/EndPage.cs using Guid(86002ff70104358469de042b8c20023b) Importer(815301076,1909f56bfc062723c751e8b465ee728b)  -> (artifact id: '42ac8d32ecae7a841259068891b7ea4d') in 0.004567 seconds 
  Import took 0.007352 seconds .

========================================================================
Received Import Request.
  Time since last request: 0.070854 seconds.
  path: Assets/Scripts/InGame/InGamePage/EndPage.cs
  artifactKey: Guid(86002ff70104358469de042b8c20023b) Importer(815301076,1909f56bfc062723c751e8b465ee728b)
Start importing Assets/Scripts/InGame/InGamePage/EndPage.cs using Guid(86002ff70104358469de042b8c20023b) Importer(815301076,1909f56bfc062723c751e8b465ee728b)  -> (artifact id: '42ac8d32ecae7a841259068891b7ea4d') in 0.002226 seconds 
  Import took 0.005257 seconds .

========================================================================
Received Import Request.
  Time since last request: 11.563174 seconds.
  path: Assets/Scripts/InGame/CardInfo.cs
  artifactKey: Guid(3f53ede893b179e4f918b43ac886c91d) Importer(815301076,1909f56bfc062723c751e8b465ee728b)
Start importing Assets/Scripts/InGame/CardInfo.cs using Guid(3f53ede893b179e4f918b43ac886c91d) Importer(815301076,1909f56bfc062723c751e8b465ee728b)  -> (artifact id: '4977060ae7c0f42ae3ac7e503f6bc661') in 0.005622 seconds 
  Import took 0.008416 seconds .

========================================================================
Received Import Request.
  Time since last request: 0.000193 seconds.
  path: Assets/Scripts/InGame/CardInfo.cs
  artifactKey: Guid(3f53ede893b179e4f918b43ac886c91d) Importer(815301076,1909f56bfc062723c751e8b465ee728b)
Start importing Assets/Scripts/InGame/CardInfo.cs using Guid(3f53ede893b179e4f918b43ac886c91d) Importer(815301076,1909f56bfc062723c751e8b465ee728b)  -> (artifact id: '4977060ae7c0f42ae3ac7e503f6bc661') in 0.001619 seconds 
  Import took 0.003437 seconds .

AssetImportWorkerClient::OnTransportError - code=2 error=End of file
